<?xml version="1.0" encoding="utf-8"?><testsuites><testsuite name="pytest" errors="0" failures="0" skipped="1" tests="18" time="15.046" timestamp="2025-05-26T18:09:37.650351+00:00" hostname="fv-az1721-956"><testcase classname="tests.test_data" name="test_dataset_exists" time="0.004" /><testcase classname="tests.test_data" name="test_feature_schema" time="0.006" /><testcase classname="tests.test_data" name="test_feature_cost" time="12.725" /><testcase classname="tests.test_get_data" name="test_download_from_drive_mocks_gdown" time="0.001" /><testcase classname="tests.test_get_data" name="test_download_nltk_resources_mocks_nltk" time="0.002" /><testcase classname="tests.test_get_data" name="test_run_get_data_mocks_everything" time="0.002" /><testcase classname="tests.test_infra" name="test_model_serving_validation" time="0.013" /><testcase classname="tests.test_model" name="test_negative_keywords" time="0.047"><skipped type="pytest.skip" message="No reviews with negative keywords found">/home/runner/work/model-training/model-training/tests/test_model.py:41: No reviews with negative keywords found</skipped></testcase><testcase classname="tests.test_model" name="test_robustness" time="0.042" /><testcase classname="tests.test_monitor" name="test_prediction_memory" time="0.067" /><testcase classname="tests.test_monitor" name="test_prediction_latency" time="0.001" /><testcase classname="tests.test_monitor" name="test_throughput" time="0.166" /><testcase classname="tests.test_mutamorphic" name="test_feature_swap_mutamorphic_two_samples" time="0.005" /><testcase classname="tests.test_utils" name="test_save_json_and_split_data" time="0.002" /><testcase classname="tests.test_utils" name="test_preprocess_and_save" time="0.011" /><testcase classname="tests.test_utils" name="test_evaluate_load_data_and_model_and_save_metrics" time="0.012" /><testcase classname="tests.test_utils" name="test_evaluate_run_evaluation" time="0.011" /><testcase classname="tests.test_utils" name="test_evaluate_error_cases" time="0.001" /></testsuite></testsuites>